<?xml version="1.0" encoding="UTF-8"?>
<!-- Generated by org.testng.reporters.JUnitReportReporter -->
<testsuite hostname="DESKTOP-F1RHDCE" failures="0" tests="1" name="com.guru99.demo.gtpl_bank.test_cases.TC_AddCustomerTest_003" time="16.479" errors="0" timestamp="2024-01-07T12:44:15 IST" skipped="0">
  <testcase classname="com.guru99.demo.gtpl_bank.test_cases.TC_AddCustomerTest_003" name="addNewCustomer" time="16.479"/>
  <system-out/>
</testsuite> <!-- com.guru99.demo.gtpl_bank.test_cases.TC_AddCustomerTest_003 -->
