<?xml version="1.0" encoding="UTF-8"?>
<!-- Generated by org.testng.reporters.JUnitReportReporter -->
<testsuite hostname="DESKTOP-F1RHDCE" failures="0" tests="1" name="com.guru99.demo.gtpl_bank.test_cases.TC_LoginTest_001" time="1.499" errors="0" timestamp="2024-01-07T12:47:32 IST" skipped="0">
  <testcase classname="com.guru99.demo.gtpl_bank.test_cases.TC_LoginTest_001" name="loginTest" time="1.499"/>
  <system-out/>
</testsuite> <!-- com.guru99.demo.gtpl_bank.test_cases.TC_LoginTest_001 -->
